0 info it worked if it ends with ok
1 verbose cli [ '/usr/bin/node',
1 verbose cli   '/usr/bin/npm',
1 verbose cli   'run',
1 verbose cli   'test',
1 verbose cli   '--verbose-true' ]
2 info using npm@3.5.2
3 info using node@v8.10.0
4 verbose run-script [ 'pretest', 'test', 'posttest' ]
5 info lifecycle micro-python-terminal@0.0.1~pretest: micro-python-terminal@0.0.1
6 verbose lifecycle micro-python-terminal@0.0.1~pretest: unsafe-perm in lifecycle true
7 verbose lifecycle micro-python-terminal@0.0.1~pretest: PATH: /usr/share/npm/bin/node-gyp-bin:/home/ladvien/micro-python-terminal/node_modules/.bin:/usr/local/sbin:/usr/local/bin:/usr/sbin:/usr/bin:/sbin:/bin:/snap/bin
8 verbose lifecycle micro-python-terminal@0.0.1~pretest: CWD: /home/ladvien/micro-python-terminal
9 silly lifecycle micro-python-terminal@0.0.1~pretest: Args: [ '-c', 'npm run compile && npm run lint' ]
10 silly lifecycle micro-python-terminal@0.0.1~pretest: Returned: code: 0  signal: null
11 info lifecycle micro-python-terminal@0.0.1~test: micro-python-terminal@0.0.1
12 verbose lifecycle micro-python-terminal@0.0.1~test: unsafe-perm in lifecycle true
13 verbose lifecycle micro-python-terminal@0.0.1~test: PATH: /usr/share/npm/bin/node-gyp-bin:/home/ladvien/micro-python-terminal/node_modules/.bin:/usr/local/sbin:/usr/local/bin:/usr/sbin:/usr/bin:/sbin:/bin:/snap/bin
14 verbose lifecycle micro-python-terminal@0.0.1~test: CWD: /home/ladvien/micro-python-terminal
15 silly lifecycle micro-python-terminal@0.0.1~test: Args: [ '-c', 'node ./out/test/runTest.js' ]
16 silly lifecycle micro-python-terminal@0.0.1~test: Returned: code: 1  signal: null
17 info lifecycle micro-python-terminal@0.0.1~test: Failed to exec test script
18 verbose stack Error: micro-python-terminal@0.0.1 test: `node ./out/test/runTest.js`
18 verbose stack Exit status 1
18 verbose stack     at EventEmitter.<anonymous> (/usr/share/npm/lib/utils/lifecycle.js:232:16)
18 verbose stack     at emitTwo (events.js:126:13)
18 verbose stack     at EventEmitter.emit (events.js:214:7)
18 verbose stack     at ChildProcess.<anonymous> (/usr/share/npm/lib/utils/spawn.js:24:14)
18 verbose stack     at emitTwo (events.js:126:13)
18 verbose stack     at ChildProcess.emit (events.js:214:7)
18 verbose stack     at maybeClose (internal/child_process.js:925:16)
18 verbose stack     at Process.ChildProcess._handle.onexit (internal/child_process.js:209:5)
19 verbose pkgid micro-python-terminal@0.0.1
20 verbose cwd /home/ladvien/micro-python-terminal
21 error Linux 5.0.0-32-generic
22 error argv "/usr/bin/node" "/usr/bin/npm" "run" "test" "--verbose-true"
23 error node v8.10.0
24 error npm  v3.5.2
25 error code ELIFECYCLE
26 error micro-python-terminal@0.0.1 test: `node ./out/test/runTest.js`
26 error Exit status 1
27 error Failed at the micro-python-terminal@0.0.1 test script 'node ./out/test/runTest.js'.
27 error Make sure you have the latest version of node.js and npm installed.
27 error If you do, this is most likely a problem with the micro-python-terminal package,
27 error not with npm itself.
27 error Tell the author that this fails on your system:
27 error     node ./out/test/runTest.js
27 error You can get information on how to open an issue for this project with:
27 error     npm bugs micro-python-terminal
27 error Or if that isn't available, you can get their info via:
27 error     npm owner ls micro-python-terminal
27 error There is likely additional logging output above.
28 verbose exit [ 1, true ]
